app/build/intermediates/manifest_merge_blame_file/release/manifest-merger-blame-release-report.txt
1<?xml version="1.0" encoding="utf-8"?>
2<manifest xmlns:android="http://schemas.android.com/apk/res/android"
3    package="com.wig"
4    android:versionCode="1"
5    android:versionName="1.0" >
6
7    <uses-sdk
8        android:minSdkVersion="21"
9        android:targetSdkVersion="34" />
10
11    <uses-permission android:name="android.permission.ACCESS_NETWORK_STATE" />
11-->src/main/AndroidManifest.xml:3:5-79
11-->src/main/AndroidManifest.xml:3:22-76
12
13    <application
13-->src/main/AndroidManifest.xml:5:5-43:19
14        android:allowBackup="true"
14-->src/main/AndroidManifest.xml:6:9-35
15        android:appComponentFactory="androidx.core.app.CoreComponentFactory"
15-->[androidx.core:core:1.7.0] AndroidManifest.xml:24:18-86
16        android:extractNativeLibs="true"
17        android:icon="@drawable/app_icon"
17-->src/main/AndroidManifest.xml:7:9-42
18        android:label="@string/app_name"
18-->src/main/AndroidManifest.xml:8:9-41
19        android:requestLegacyExternalStorage="true"
19-->src/main/AndroidManifest.xml:9:9-52
20        android:theme="@style/AppTheme"
20-->src/main/AndroidManifest.xml:11:9-40
21        android:usesCleartextTraffic="true" >
21-->src/main/AndroidManifest.xml:10:9-44
22        <activity
22-->src/main/AndroidManifest.xml:13:9-24:20
23            android:name="com.wig.MainActivity"
23-->src/main/AndroidManifest.xml:14:13-41
24            android:configChanges="orientation|screenSize|keyboardHidden|smallestScreenSize|screenLayout"
24-->src/main/AndroidManifest.xml:15:13-106
25            android:exported="true"
25-->src/main/AndroidManifest.xml:19:13-36
26            android:hardwareAccelerated="true"
26-->src/main/AndroidManifest.xml:16:13-47
27            android:screenOrientation="portrait"
27-->src/main/AndroidManifest.xml:18:13-49
28            android:supportsPictureInPicture="true" >
28-->src/main/AndroidManifest.xml:17:13-52
29            <intent-filter>
29-->src/main/AndroidManifest.xml:20:13-23:29
30                <action android:name="android.intent.action.MAIN" />
30-->src/main/AndroidManifest.xml:21:17-69
30-->src/main/AndroidManifest.xml:21:25-66
31
32                <category android:name="android.intent.category.LAUNCHER" />
32-->src/main/AndroidManifest.xml:22:17-77
32-->src/main/AndroidManifest.xml:22:27-74
33            </intent-filter>
34        </activity>
35
36        <!-- A tag DebugActivity foi removida para evitar conflitos -->
37
38        <provider
38-->src/main/AndroidManifest.xml:28:9-38:20
39            android:name="androidx.startup.InitializationProvider"
39-->src/main/AndroidManifest.xml:29:13-67
40            android:authorities="com.wig.androidx-startup"
40-->src/main/AndroidManifest.xml:30:13-59
41            android:exported="false" >
41-->src/main/AndroidManifest.xml:31:13-37
42            <meta-data
42-->src/main/AndroidManifest.xml:32:13-34:52
43                android:name="androidx.lifecycle.ProcessLifecycleInitializer"
43-->src/main/AndroidManifest.xml:33:17-78
44                android:value="androidx.startup" />
44-->src/main/AndroidManifest.xml:34:17-49
45            <meta-data
45-->src/main/AndroidManifest.xml:35:13-37:52
46                android:name="androidx.emoji2.text.EmojiCompatInitializer"
46-->src/main/AndroidManifest.xml:36:17-75
47                android:value="androidx.startup" />
47-->src/main/AndroidManifest.xml:37:17-49
48        </provider>
49
50        <uses-library
50-->src/main/AndroidManifest.xml:40:9-42:40
51            android:name="org.apache.http.legacy"
51-->src/main/AndroidManifest.xml:41:13-50
52            android:required="false" />
52-->src/main/AndroidManifest.xml:42:13-37
53    </application>
54
55</manifest>